<?xml version="1.0" encoding="UTF-8"?>
<coverage generated="1627436129191" clover="3.2.0">
  <project timestamp="1627436129191" name="All files">
    <metrics statements="10" coveredstatements="10" conditionals="4" coveredconditionals="4" methods="1" coveredmethods="1" elements="15" coveredelements="15" complexity="0" loc="10" ncloc="10" packages="1" files="1" classes="1"/>
    <file name="script.js" path="C:\Users\korch\Documents\Grand_Circus\TDD-Lab-1\script.js">
      <metrics statements="10" coveredstatements="10" conditionals="4" coveredconditionals="4" methods="1" coveredmethods="1"/>
      <line num="24" count="1" type="stmt"/>
      <line num="26" count="6" type="stmt"/>
      <line num="27" count="6" type="cond" truecount="2" falsecount="0"/>
      <line num="29" count="3" type="stmt"/>
      <line num="34" count="3" type="stmt"/>
      <line num="36" count="3" type="stmt"/>
      <line num="38" count="10" type="cond" truecount="2" falsecount="0"/>
      <line num="39" count="7" type="stmt"/>
      <line num="43" count="3" type="stmt"/>
      <line num="49" count="1" type="stmt"/>
    </file>
  </project>
</coverage>
