{"C:\\Users\\korch\\Documents\\Grand_Circus\\TDD-Lab-1\\script.js": {"path":"C:\\Users\\korch\\Documents\\Grand_Circus\\TDD-Lab-1\\script.js","statementMap":{"0":{"start":{"line":24,"column":17},"end":{"line":47,"column":1}},"1":{"start":{"line":26,"column":19},"end":{"line":26,"column":44}},"2":{"start":{"line":27,"column":4},"end":{"line":46,"column":5}},"3":{"start":{"line":29,"column":8},"end":{"line":29,"column":28}},"4":{"start":{"line":34,"column":21},"end":{"line":34,"column":23}},"5":{"start":{"line":36,"column":8},"end":{"line":45,"column":9}},"6":{"start":{"line":36,"column":21},"end":{"line":36,"column":22}},"7":{"start":{"line":38,"column":12},"end":{"line":44,"column":13}},"8":{"start":{"line":39,"column":16},"end":{"line":39,"column":34}},"9":{"start":{"line":43,"column":16},"end":{"line":43,"column":53}},"10":{"start":{"line":49,"column":0},"end":{"line":49,"column":26}}},"fnMap":{"0":{"name":"(anonymous_0)","decl":{"start":{"line":24,"column":17},"end":{"line":24,"column":18}},"loc":{"start":{"line":24,"column":27},"end":{"line":47,"column":1}},"line":24}},"branchMap":{"0":{"loc":{"start":{"line":27,"column":4},"end":{"line":46,"column":5}},"type":"if","locations":[{"start":{"line":27,"column":4},"end":{"line":46,"column":5}},{"start":{"line":27,"column":4},"end":{"line":46,"column":5}}],"line":27},"1":{"loc":{"start":{"line":38,"column":12},"end":{"line":44,"column":13}},"type":"if","locations":[{"start":{"line":38,"column":12},"end":{"line":44,"column":13}},{"start":{"line":38,"column":12},"end":{"line":44,"column":13}}],"line":38}},"s":{"0":1,"1":6,"2":6,"3":3,"4":3,"5":3,"6":3,"7":10,"8":7,"9":3,"10":1},"f":{"0":6},"b":{"0":[3,3],"1":[7,3]},"_coverageSchema":"1a1c01bbd47fc00a2c39e90264f33305004495a9","hash":"20e1119cf00e8899cb9e102fb6cc42b731378941"}
}
