{"C:\\Users\\korch\\Documents\\Grand_Circus\\TDD-Lab-1\\script.js": {"path":"C:\\Users\\korch\\Documents\\Grand_Circus\\TDD-Lab-1\\script.js","statementMap":{"0":{"start":{"line":3,"column":17},"end":{"line":28,"column":1}},"1":{"start":{"line":5,"column":19},"end":{"line":5,"column":44}},"2":{"start":{"line":6,"column":4},"end":{"line":6,"column":30}},"3":{"start":{"line":8,"column":4},"end":{"line":27,"column":5}},"4":{"start":{"line":10,"column":8},"end":{"line":10,"column":28}},"5":{"start":{"line":15,"column":21},"end":{"line":15,"column":23}},"6":{"start":{"line":17,"column":8},"end":{"line":26,"column":9}},"7":{"start":{"line":17,"column":21},"end":{"line":17,"column":22}},"8":{"start":{"line":19,"column":12},"end":{"line":25,"column":13}},"9":{"start":{"line":20,"column":16},"end":{"line":20,"column":34}},"10":{"start":{"line":24,"column":16},"end":{"line":24,"column":53}},"11":{"start":{"line":30,"column":0},"end":{"line":30,"column":26}}},"fnMap":{"0":{"name":"(anonymous_0)","decl":{"start":{"line":3,"column":17},"end":{"line":3,"column":18}},"loc":{"start":{"line":3,"column":27},"end":{"line":28,"column":1}},"line":3}},"branchMap":{"0":{"loc":{"start":{"line":8,"column":4},"end":{"line":27,"column":5}},"type":"if","locations":[{"start":{"line":8,"column":4},"end":{"line":27,"column":5}},{"start":{"line":8,"column":4},"end":{"line":27,"column":5}}],"line":8},"1":{"loc":{"start":{"line":19,"column":12},"end":{"line":25,"column":13}},"type":"if","locations":[{"start":{"line":19,"column":12},"end":{"line":25,"column":13}},{"start":{"line":19,"column":12},"end":{"line":25,"column":13}}],"line":19}},"s":{"0":1,"1":16,"2":16,"3":16,"4":7,"5":9,"6":9,"7":9,"8":25,"9":16,"10":9,"11":1},"f":{"0":16},"b":{"0":[7,9],"1":[16,9]},"_coverageSchema":"1a1c01bbd47fc00a2c39e90264f33305004495a9","hash":"1eb574efba1faef94f37be99218f26ee9f3277fe"}
}
